{"/Users/jakubzmudzinski/Sails/library/api/index.js":{"path":"/Users/jakubzmudzinski/Sails/library/api/index.js","s":{"1":1,"2":1},"b":{},"f":{},"fnMap":{},"statementMap":{"1":{"start":{"line":1,"column":0},"end":{"line":1,"column":52}},"2":{"start":{"line":2,"column":0},"end":{"line":2,"column":42}}},"branchMap":{}},"/Users/jakubzmudzinski/Sails/library/api/controllers/BookController.js":{"path":"/Users/jakubzmudzinski/Sails/library/api/controllers/BookController.js","s":{"1":1,"2":1,"3":0,"4":0,"5":0,"6":0,"7":0,"8":0,"9":0,"10":0,"11":0,"12":0,"13":0,"14":0,"15":0,"16":0,"17":0,"18":0,"19":0,"20":0,"21":0,"22":0,"23":0,"24":0,"25":0,"26":0,"27":0,"28":0,"29":0,"30":0,"31":0,"32":0,"33":0,"34":0,"35":0,"36":0,"37":0,"38":0,"39":0,"40":0,"41":0,"42":0,"43":0,"44":0,"45":0,"46":0,"47":0,"48":0,"49":0,"50":0,"51":0,"52":0,"53":0,"54":0,"55":0,"56":0,"57":0,"58":0},"b":{"1":[0,0],"2":[0,0],"3":[0,0],"4":[0,0],"5":[0,0],"6":[0,0],"7":[0,0],"8":[0,0],"9":[0,0],"10":[0,0],"11":[0,0],"12":[0,0]},"f":{"1":0,"2":0,"3":0,"4":0,"5":0,"6":0,"7":0,"8":0,"9":0,"10":0,"11":0,"12":0,"13":0},"fnMap":{"1":{"name":"(anonymous_1)","line":20,"loc":{"start":{"line":20,"column":9},"end":{"line":20,"column":29}}},"2":{"name":"(anonymous_2)","line":24,"loc":{"start":{"line":24,"column":10},"end":{"line":24,"column":36}}},"3":{"name":"(anonymous_3)","line":33,"loc":{"start":{"line":33,"column":49},"end":{"line":33,"column":70}}},"4":{"name":"(anonymous_4)","line":44,"loc":{"start":{"line":44,"column":72},"end":{"line":44,"column":91}}},"5":{"name":"(anonymous_5)","line":48,"loc":{"start":{"line":48,"column":30},"end":{"line":48,"column":42}}},"6":{"name":"(anonymous_6)","line":52,"loc":{"start":{"line":52,"column":29},"end":{"line":52,"column":40}}},"7":{"name":"(anonymous_7)","line":66,"loc":{"start":{"line":66,"column":22},"end":{"line":66,"column":45}}},"8":{"name":"(anonymous_8)","line":91,"loc":{"start":{"line":91,"column":23},"end":{"line":91,"column":37}}},"9":{"name":"(anonymous_9)","line":102,"loc":{"start":{"line":102,"column":20},"end":{"line":102,"column":35}}},"10":{"name":"(anonymous_10)","line":131,"loc":{"start":{"line":131,"column":11},"end":{"line":131,"column":31}}},"11":{"name":"(anonymous_11)","line":132,"loc":{"start":{"line":132,"column":79},"end":{"line":132,"column":99}}},"12":{"name":"(anonymous_12)","line":143,"loc":{"start":{"line":143,"column":18},"end":{"line":143,"column":33}}},"13":{"name":"(anonymous_13)","line":161,"loc":{"start":{"line":161,"column":21},"end":{"line":161,"column":36}}}},"statementMap":{"1":{"start":{"line":17,"column":1},"end":{"line":17,"column":30}},"2":{"start":{"line":19,"column":0},"end":{"line":181,"column":2}},"3":{"start":{"line":21,"column":4},"end":{"line":21,"column":34}},"4":{"start":{"line":25,"column":4},"end":{"line":31,"column":5}},"5":{"start":{"line":26,"column":6},"end":{"line":29,"column":8}},"6":{"start":{"line":30,"column":6},"end":{"line":30,"column":43}},"7":{"start":{"line":33,"column":4},"end":{"line":128,"column":7}},"8":{"start":{"line":34,"column":6},"end":{"line":40,"column":7}},"9":{"start":{"line":35,"column":8},"end":{"line":38,"column":10}},"10":{"start":{"line":39,"column":8},"end":{"line":39,"column":45}},"11":{"start":{"line":42,"column":6},"end":{"line":127,"column":7}},"12":{"start":{"line":43,"column":8},"end":{"line":98,"column":11}},"13":{"start":{"line":45,"column":10},"end":{"line":46,"column":30}},"14":{"start":{"line":48,"column":10},"end":{"line":50,"column":13}},"15":{"start":{"line":49,"column":12},"end":{"line":49,"column":22}},"16":{"start":{"line":52,"column":10},"end":{"line":90,"column":13}},"17":{"start":{"line":53,"column":12},"end":{"line":53,"column":40}},"18":{"start":{"line":55,"column":12},"end":{"line":89,"column":13}},"19":{"start":{"line":56,"column":14},"end":{"line":58,"column":15}},"20":{"start":{"line":57,"column":16},"end":{"line":57,"column":65}},"21":{"start":{"line":60,"column":14},"end":{"line":81,"column":17}},"22":{"start":{"line":67,"column":16},"end":{"line":74,"column":17}},"23":{"start":{"line":68,"column":18},"end":{"line":71,"column":20}},"24":{"start":{"line":73,"column":18},"end":{"line":73,"column":55}},"25":{"start":{"line":76,"column":16},"end":{"line":79,"column":18}},"26":{"start":{"line":80,"column":16},"end":{"line":80,"column":53}},"27":{"start":{"line":83,"column":14},"end":{"line":86,"column":16}},"28":{"start":{"line":88,"column":14},"end":{"line":88,"column":51}},"29":{"start":{"line":92,"column":10},"end":{"line":95,"column":12}},"30":{"start":{"line":97,"column":10},"end":{"line":97,"column":47}},"31":{"start":{"line":100,"column":8},"end":{"line":126,"column":9}},"32":{"start":{"line":101,"column":10},"end":{"line":101,"column":49}},"33":{"start":{"line":102,"column":10},"end":{"line":118,"column":13}},"34":{"start":{"line":103,"column":12},"end":{"line":110,"column":13}},"35":{"start":{"line":104,"column":14},"end":{"line":107,"column":16}},"36":{"start":{"line":109,"column":14},"end":{"line":109,"column":51}},"37":{"start":{"line":112,"column":12},"end":{"line":115,"column":14}},"38":{"start":{"line":117,"column":12},"end":{"line":117,"column":49}},"39":{"start":{"line":120,"column":10},"end":{"line":123,"column":12}},"40":{"start":{"line":125,"column":10},"end":{"line":125,"column":47}},"41":{"start":{"line":132,"column":4},"end":{"line":179,"column":7}},"42":{"start":{"line":133,"column":6},"end":{"line":139,"column":7}},"43":{"start":{"line":134,"column":8},"end":{"line":137,"column":10}},"44":{"start":{"line":138,"column":8},"end":{"line":138,"column":45}},"45":{"start":{"line":141,"column":6},"end":{"line":178,"column":7}},"46":{"start":{"line":142,"column":8},"end":{"line":142,"column":65}},"47":{"start":{"line":143,"column":8},"end":{"line":159,"column":11}},"48":{"start":{"line":144,"column":10},"end":{"line":151,"column":11}},"49":{"start":{"line":145,"column":12},"end":{"line":148,"column":14}},"50":{"start":{"line":150,"column":12},"end":{"line":150,"column":49}},"51":{"start":{"line":153,"column":10},"end":{"line":156,"column":12}},"52":{"start":{"line":158,"column":10},"end":{"line":158,"column":47}},"53":{"start":{"line":161,"column":8},"end":{"line":170,"column":11}},"54":{"start":{"line":162,"column":10},"end":{"line":169,"column":11}},"55":{"start":{"line":163,"column":12},"end":{"line":166,"column":14}},"56":{"start":{"line":168,"column":12},"end":{"line":168,"column":49}},"57":{"start":{"line":172,"column":8},"end":{"line":175,"column":10}},"58":{"start":{"line":177,"column":8},"end":{"line":177,"column":38}}},"branchMap":{"1":{"line":25,"type":"if","locations":[{"start":{"line":25,"column":4},"end":{"line":25,"column":4}},{"start":{"line":25,"column":4},"end":{"line":25,"column":4}}]},"2":{"line":34,"type":"if","locations":[{"start":{"line":34,"column":6},"end":{"line":34,"column":6}},{"start":{"line":34,"column":6},"end":{"line":34,"column":6}}]},"3":{"line":42,"type":"if","locations":[{"start":{"line":42,"column":6},"end":{"line":42,"column":6}},{"start":{"line":42,"column":6},"end":{"line":42,"column":6}}]},"4":{"line":55,"type":"if","locations":[{"start":{"line":55,"column":12},"end":{"line":55,"column":12}},{"start":{"line":55,"column":12},"end":{"line":55,"column":12}}]},"5":{"line":56,"type":"if","locations":[{"start":{"line":56,"column":14},"end":{"line":56,"column":14}},{"start":{"line":56,"column":14},"end":{"line":56,"column":14}}]},"6":{"line":67,"type":"if","locations":[{"start":{"line":67,"column":16},"end":{"line":67,"column":16}},{"start":{"line":67,"column":16},"end":{"line":67,"column":16}}]},"7":{"line":100,"type":"if","locations":[{"start":{"line":100,"column":8},"end":{"line":100,"column":8}},{"start":{"line":100,"column":8},"end":{"line":100,"column":8}}]},"8":{"line":103,"type":"if","locations":[{"start":{"line":103,"column":12},"end":{"line":103,"column":12}},{"start":{"line":103,"column":12},"end":{"line":103,"column":12}}]},"9":{"line":133,"type":"if","locations":[{"start":{"line":133,"column":6},"end":{"line":133,"column":6}},{"start":{"line":133,"column":6},"end":{"line":133,"column":6}}]},"10":{"line":141,"type":"if","locations":[{"start":{"line":141,"column":6},"end":{"line":141,"column":6}},{"start":{"line":141,"column":6},"end":{"line":141,"column":6}}]},"11":{"line":144,"type":"if","locations":[{"start":{"line":144,"column":10},"end":{"line":144,"column":10}},{"start":{"line":144,"column":10},"end":{"line":144,"column":10}}]},"12":{"line":162,"type":"if","locations":[{"start":{"line":162,"column":10},"end":{"line":162,"column":10}},{"start":{"line":162,"column":10},"end":{"line":162,"column":10}}]}}},"/Users/jakubzmudzinski/Sails/library/api/controllers/SessionController.js":{"path":"/Users/jakubzmudzinski/Sails/library/api/controllers/SessionController.js","s":{"1":1,"2":1,"3":0,"4":0,"5":0,"6":0,"7":0,"8":0,"9":0,"10":0,"11":0,"12":0,"13":0,"14":0,"15":0,"16":0,"17":0,"18":0,"19":0,"20":0,"21":0,"22":0,"23":0,"24":0,"25":0,"26":0},"b":{"1":[0,0],"2":[0,0],"3":[0,0],"4":[0,0],"5":[0,0],"6":[0,0]},"f":{"1":0,"2":0,"3":0,"4":0,"5":0},"fnMap":{"1":{"name":"(anonymous_1)","line":20,"loc":{"start":{"line":20,"column":9},"end":{"line":20,"column":29}}},"2":{"name":"(anonymous_2)","line":24,"loc":{"start":{"line":24,"column":10},"end":{"line":24,"column":36}}},"3":{"name":"foundUser","line":39,"loc":{"start":{"line":39,"column":44},"end":{"line":39,"column":75}}},"4":{"name":"(anonymous_4)","line":54,"loc":{"start":{"line":54,"column":68},"end":{"line":54,"column":90}}},"5":{"name":"(anonymous_5)","line":77,"loc":{"start":{"line":77,"column":10},"end":{"line":77,"column":36}}}},"statementMap":{"1":{"start":{"line":17,"column":0},"end":{"line":17,"column":31}},"2":{"start":{"line":19,"column":0},"end":{"line":84,"column":2}},"3":{"start":{"line":21,"column":4},"end":{"line":21,"column":30}},"4":{"start":{"line":25,"column":4},"end":{"line":37,"column":5}},"5":{"start":{"line":26,"column":6},"end":{"line":29,"column":9}},"6":{"start":{"line":31,"column":6},"end":{"line":36,"column":6}},"7":{"start":{"line":36,"column":6},"end":{"line":36,"column":36}},"8":{"start":{"line":39,"column":4},"end":{"line":74,"column":7}},"9":{"start":{"line":40,"column":6},"end":{"line":40,"column":32}},"10":{"start":{"line":40,"column":15},"end":{"line":40,"column":32}},"11":{"start":{"line":42,"column":6},"end":{"line":52,"column":7}},"12":{"start":{"line":43,"column":8},"end":{"line":46,"column":11}},"13":{"start":{"line":47,"column":8},"end":{"line":51,"column":8}},"14":{"start":{"line":51,"column":8},"end":{"line":51,"column":38}},"15":{"start":{"line":54,"column":6},"end":{"line":73,"column":9}},"16":{"start":{"line":55,"column":8},"end":{"line":55,"column":34}},"17":{"start":{"line":55,"column":17},"end":{"line":55,"column":34}},"18":{"start":{"line":57,"column":8},"end":{"line":67,"column":9}},"19":{"start":{"line":58,"column":10},"end":{"line":61,"column":13}},"20":{"start":{"line":62,"column":10},"end":{"line":66,"column":10}},"21":{"start":{"line":66,"column":10},"end":{"line":66,"column":40}},"22":{"start":{"line":69,"column":8},"end":{"line":69,"column":41}},"23":{"start":{"line":70,"column":8},"end":{"line":70,"column":32}},"24":{"start":{"line":72,"column":8},"end":{"line":72,"column":38}},"25":{"start":{"line":78,"column":4},"end":{"line":78,"column":26}},"26":{"start":{"line":80,"column":4},"end":{"line":80,"column":27}}},"branchMap":{"1":{"line":25,"type":"if","locations":[{"start":{"line":25,"column":4},"end":{"line":25,"column":4}},{"start":{"line":25,"column":4},"end":{"line":25,"column":4}}]},"2":{"line":25,"type":"binary-expr","locations":[{"start":{"line":25,"column":8},"end":{"line":25,"column":27}},{"start":{"line":25,"column":31},"end":{"line":25,"column":53}}]},"3":{"line":40,"type":"if","locations":[{"start":{"line":40,"column":6},"end":{"line":40,"column":6}},{"start":{"line":40,"column":6},"end":{"line":40,"column":6}}]},"4":{"line":42,"type":"if","locations":[{"start":{"line":42,"column":6},"end":{"line":42,"column":6}},{"start":{"line":42,"column":6},"end":{"line":42,"column":6}}]},"5":{"line":55,"type":"if","locations":[{"start":{"line":55,"column":8},"end":{"line":55,"column":8}},{"start":{"line":55,"column":8},"end":{"line":55,"column":8}}]},"6":{"line":57,"type":"if","locations":[{"start":{"line":57,"column":8},"end":{"line":57,"column":8}},{"start":{"line":57,"column":8},"end":{"line":57,"column":8}}]}}},"/Users/jakubzmudzinski/Sails/library/api/controllers/UserController.js":{"path":"/Users/jakubzmudzinski/Sails/library/api/controllers/UserController.js","s":{"1":1,"2":0,"3":0,"4":0,"5":0,"6":0,"7":0,"8":0,"9":0,"10":0,"11":0,"12":0,"13":0},"b":{"1":[0,0],"2":[0,0]},"f":{"1":0,"2":0,"3":0,"4":0,"5":0},"fnMap":{"1":{"name":"(anonymous_1)","line":19,"loc":{"start":{"line":19,"column":12},"end":{"line":19,"column":32}}},"2":{"name":"(anonymous_2)","line":23,"loc":{"start":{"line":23,"column":10},"end":{"line":23,"column":36}}},"3":{"name":"userCreated","line":24,"loc":{"start":{"line":24,"column":34},"end":{"line":24,"column":67}}},"4":{"name":"(anonymous_4)","line":39,"loc":{"start":{"line":39,"column":11},"end":{"line":39,"column":31}}},"5":{"name":"(anonymous_5)","line":40,"loc":{"start":{"line":40,"column":51},"end":{"line":40,"column":72}}}},"statementMap":{"1":{"start":{"line":18,"column":0},"end":{"line":53,"column":2}},"2":{"start":{"line":20,"column":4},"end":{"line":20,"column":15}},"3":{"start":{"line":24,"column":4},"end":{"line":36,"column":7}},"4":{"start":{"line":25,"column":6},"end":{"line":33,"column":7}},"5":{"start":{"line":26,"column":8},"end":{"line":26,"column":25}},"6":{"start":{"line":27,"column":8},"end":{"line":30,"column":10}},"7":{"start":{"line":32,"column":8},"end":{"line":32,"column":46}},"8":{"start":{"line":35,"column":6},"end":{"line":35,"column":36}},"9":{"start":{"line":40,"column":4},"end":{"line":51,"column":7}},"10":{"start":{"line":41,"column":6},"end":{"line":46,"column":7}},"11":{"start":{"line":42,"column":8},"end":{"line":45,"column":10}},"12":{"start":{"line":48,"column":6},"end":{"line":48,"column":31}},"13":{"start":{"line":50,"column":6},"end":{"line":50,"column":17}}},"branchMap":{"1":{"line":25,"type":"if","locations":[{"start":{"line":25,"column":6},"end":{"line":25,"column":6}},{"start":{"line":25,"column":6},"end":{"line":25,"column":6}}]},"2":{"line":41,"type":"if","locations":[{"start":{"line":41,"column":6},"end":{"line":41,"column":6}},{"start":{"line":41,"column":6},"end":{"line":41,"column":6}}]}}},"/Users/jakubzmudzinski/Sails/library/api/models/Book.js":{"path":"/Users/jakubzmudzinski/Sails/library/api/models/Book.js","s":{"1":1},"b":{},"f":{},"fnMap":{},"statementMap":{"1":{"start":{"line":8,"column":0},"end":{"line":36,"column":2}}},"branchMap":{}},"/Users/jakubzmudzinski/Sails/library/api/models/User.js":{"path":"/Users/jakubzmudzinski/Sails/library/api/models/User.js","s":{"1":1,"2":0,"3":0,"4":0,"5":0,"6":0,"7":0,"8":0,"9":0,"10":0,"11":0},"b":{"1":[0,0],"2":[0,0],"3":[0,0]},"f":{"1":0,"2":0,"3":0},"fnMap":{"1":{"name":"(anonymous_1)","line":27,"loc":{"start":{"line":27,"column":12},"end":{"line":27,"column":32}}},"2":{"name":"(anonymous_2)","line":34,"loc":{"start":{"line":34,"column":16},"end":{"line":34,"column":40}}},"3":{"name":"passwordEncrypted","line":39,"loc":{"start":{"line":39,"column":48},"end":{"line":39,"column":99}}}},"statementMap":{"1":{"start":{"line":9,"column":0},"end":{"line":45,"column":2}},"2":{"start":{"line":28,"column":6},"end":{"line":28,"column":32}},"3":{"start":{"line":29,"column":6},"end":{"line":29,"column":35}},"4":{"start":{"line":30,"column":6},"end":{"line":30,"column":17}},"5":{"start":{"line":35,"column":4},"end":{"line":37,"column":5}},"6":{"start":{"line":36,"column":6},"end":{"line":36,"column":63}},"7":{"start":{"line":39,"column":4},"end":{"line":43,"column":7}},"8":{"start":{"line":40,"column":6},"end":{"line":40,"column":32}},"9":{"start":{"line":40,"column":15},"end":{"line":40,"column":32}},"10":{"start":{"line":41,"column":6},"end":{"line":41,"column":51}},"11":{"start":{"line":42,"column":6},"end":{"line":42,"column":13}}},"branchMap":{"1":{"line":35,"type":"if","locations":[{"start":{"line":35,"column":4},"end":{"line":35,"column":4}},{"start":{"line":35,"column":4},"end":{"line":35,"column":4}}]},"2":{"line":35,"type":"binary-expr","locations":[{"start":{"line":35,"column":8},"end":{"line":35,"column":24}},{"start":{"line":35,"column":28},"end":{"line":35,"column":67}}]},"3":{"line":40,"type":"if","locations":[{"start":{"line":40,"column":6},"end":{"line":40,"column":6}},{"start":{"line":40,"column":6},"end":{"line":40,"column":6}}]}}},"/Users/jakubzmudzinski/Sails/library/api/policies/flash.js":{"path":"/Users/jakubzmudzinski/Sails/library/api/policies/flash.js","s":{"1":1,"2":0,"3":0,"4":0,"5":0,"6":0,"7":0},"b":{"1":[0,0]},"f":{"1":0},"fnMap":{"1":{"name":"(anonymous_1)","line":1,"loc":{"start":{"line":1,"column":17},"end":{"line":1,"column":43}}}},"statementMap":{"1":{"start":{"line":1,"column":0},"end":{"line":13,"column":2}},"2":{"start":{"line":2,"column":2},"end":{"line":2,"column":24}},"3":{"start":{"line":4,"column":2},"end":{"line":6,"column":3}},"4":{"start":{"line":5,"column":4},"end":{"line":5,"column":18}},"5":{"start":{"line":8,"column":2},"end":{"line":8,"column":48}},"6":{"start":{"line":10,"column":2},"end":{"line":10,"column":25}},"7":{"start":{"line":12,"column":2},"end":{"line":12,"column":9}}},"branchMap":{"1":{"line":4,"type":"if","locations":[{"start":{"line":4,"column":2},"end":{"line":4,"column":2}},{"start":{"line":4,"column":2},"end":{"line":4,"column":2}}]}}},"/Users/jakubzmudzinski/Sails/library/api/policies/isAuthenticated.js":{"path":"/Users/jakubzmudzinski/Sails/library/api/policies/isAuthenticated.js","s":{"1":1,"2":0,"3":0,"4":0,"5":0,"6":0},"b":{"1":[0,0]},"f":{"1":0},"fnMap":{"1":{"name":"(anonymous_1)","line":10,"loc":{"start":{"line":10,"column":17},"end":{"line":10,"column":42}}}},"statementMap":{"1":{"start":{"line":10,"column":0},"end":{"line":25,"column":2}},"2":{"start":{"line":14,"column":2},"end":{"line":16,"column":3}},"3":{"start":{"line":15,"column":4},"end":{"line":15,"column":18}},"4":{"start":{"line":20,"column":2},"end":{"line":20,"column":126}},"5":{"start":{"line":21,"column":2},"end":{"line":23,"column":4}},"6":{"start":{"line":24,"column":2},"end":{"line":24,"column":32}}},"branchMap":{"1":{"line":14,"type":"if","locations":[{"start":{"line":14,"column":2},"end":{"line":14,"column":2}},{"start":{"line":14,"column":2},"end":{"line":14,"column":2}}]}}},"/Users/jakubzmudzinski/Sails/library/api/services/BarCodeReader.js":{"path":"/Users/jakubzmudzinski/Sails/library/api/services/BarCodeReader.js","s":{},"b":{},"f":{},"fnMap":{},"statementMap":{},"branchMap":{}}}